INFO  2020-05-06 17:30:51,987 [1] CommunicateService.MainService [BG.CommunicateService.exe] - Service start.
INFO  2020-05-06 17:30:52,003 [4] CommunicateService.MainService [BG.CommunicateService.exe] - Thread runing
ERROR 2020-05-06 17:30:54,082 [5] BG.Mqtt.Mq [BG.CommunicateService.exe] - Connect mqtt server error, uPLibrary.Networking.M2Mqtt.Exceptions.MqttConnectionException: Exception connecting to the broker ---> System.Net.Sockets.SocketException: 由于目标计算机积极拒绝，无法连接。 127.0.0.1:1883
   在 System.Net.Sockets.Socket.DoConnect(EndPoint endPointSnapshot, SocketAddress socketAddress)
   在 System.Net.Sockets.Socket.Connect(EndPoint remoteEP)
   在 uPLibrary.Networking.M2Mqtt.MqttNetworkChannel.Connect() 位置 c:\Users\ppatierno\Source\Repos\m2mqtt\M2Mqtt\Net\MqttNetworkChannel.cs:行号 235
   在 uPLibrary.Networking.M2Mqtt.MqttClient.Connect(String clientId, String username, String password, Boolean willRetain, Byte willQosLevel, Boolean willFlag, String willTopic, String willMessage, Boolean cleanSession, UInt16 keepAlivePeriod) 位置 c:\Users\ppatierno\Source\Repos\m2mqtt\M2Mqtt\MqttClient.cs:行号 556
   --- 内部异常堆栈跟踪的结尾 ---
   在 uPLibrary.Networking.M2Mqtt.MqttClient.Connect(String clientId, String username, String password, Boolean willRetain, Byte willQosLevel, Boolean willFlag, String willTopic, String willMessage, Boolean cleanSession, UInt16 keepAlivePeriod) 位置 c:\Users\ppatierno\Source\Repos\m2mqtt\M2Mqtt\MqttClient.cs:行号 560
   在 uPLibrary.Networking.M2Mqtt.MqttClient.Connect(String clientId, String username, String password, Boolean cleanSession, UInt16 keepAlivePeriod) 位置 c:\Users\ppatierno\Source\Repos\m2mqtt\M2Mqtt\MqttClient.cs:行号 512
   在 BG.Mqtt.Mq.InitClient(String _host, Int32 _serverport, String _topic) 位置 D:\Git_wamnv\mqtt\Mqtt\BG.Mqtt\Mq.cs:行号 30
ERROR 2020-05-06 17:30:54,082 [4] BG.Mqtt.Mq [BG.CommunicateService.exe] - Connect mqtt server error, uPLibrary.Networking.M2Mqtt.Exceptions.MqttConnectionException: Exception connecting to the broker ---> System.Net.Sockets.SocketException: 由于目标计算机积极拒绝，无法连接。 127.0.0.1:1883
   在 System.Net.Sockets.Socket.DoConnect(EndPoint endPointSnapshot, SocketAddress socketAddress)
   在 System.Net.Sockets.Socket.Connect(EndPoint remoteEP)
   在 uPLibrary.Networking.M2Mqtt.MqttNetworkChannel.Connect() 位置 c:\Users\ppatierno\Source\Repos\m2mqtt\M2Mqtt\Net\MqttNetworkChannel.cs:行号 235
   在 uPLibrary.Networking.M2Mqtt.MqttClient.Connect(String clientId, String username, String password, Boolean willRetain, Byte willQosLevel, Boolean willFlag, String willTopic, String willMessage, Boolean cleanSession, UInt16 keepAlivePeriod) 位置 c:\Users\ppatierno\Source\Repos\m2mqtt\M2Mqtt\MqttClient.cs:行号 556
   --- 内部异常堆栈跟踪的结尾 ---
   在 uPLibrary.Networking.M2Mqtt.MqttClient.Connect(String clientId, String username, String password, Boolean willRetain, Byte willQosLevel, Boolean willFlag, String willTopic, String willMessage, Boolean cleanSession, UInt16 keepAlivePeriod) 位置 c:\Users\ppatierno\Source\Repos\m2mqtt\M2Mqtt\MqttClient.cs:行号 560
   在 uPLibrary.Networking.M2Mqtt.MqttClient.Connect(String clientId, String username, String password, Boolean cleanSession, UInt16 keepAlivePeriod) 位置 c:\Users\ppatierno\Source\Repos\m2mqtt\M2Mqtt\MqttClient.cs:行号 512
   在 BG.Mqtt.Mq.InitClient(String _host, Int32 _serverport, String _topic) 位置 D:\Git_wamnv\mqtt\Mqtt\BG.Mqtt\Mq.cs:行号 44
ERROR 2020-05-06 17:31:01,088 [4] BG.Mqtt.Mq [BG.CommunicateService.exe] - Connect mqtt server error, uPLibrary.Networking.M2Mqtt.Exceptions.MqttConnectionException: Exception connecting to the broker ---> System.Net.Sockets.SocketException: 由于目标计算机积极拒绝，无法连接。 127.0.0.1:1883
   在 System.Net.Sockets.Socket.DoConnect(EndPoint endPointSnapshot, SocketAddress socketAddress)
   在 System.Net.Sockets.Socket.Connect(EndPoint remoteEP)
   在 uPLibrary.Networking.M2Mqtt.MqttNetworkChannel.Connect() 位置 c:\Users\ppatierno\Source\Repos\m2mqtt\M2Mqtt\Net\MqttNetworkChannel.cs:行号 235
   在 uPLibrary.Networking.M2Mqtt.MqttClient.Connect(String clientId, String username, String password, Boolean willRetain, Byte willQosLevel, Boolean willFlag, String willTopic, String willMessage, Boolean cleanSession, UInt16 keepAlivePeriod) 位置 c:\Users\ppatierno\Source\Repos\m2mqtt\M2Mqtt\MqttClient.cs:行号 556
   --- 内部异常堆栈跟踪的结尾 ---
   在 uPLibrary.Networking.M2Mqtt.MqttClient.Connect(String clientId, String username, String password, Boolean willRetain, Byte willQosLevel, Boolean willFlag, String willTopic, String willMessage, Boolean cleanSession, UInt16 keepAlivePeriod) 位置 c:\Users\ppatierno\Source\Repos\m2mqtt\M2Mqtt\MqttClient.cs:行号 560
   在 uPLibrary.Networking.M2Mqtt.MqttClient.Connect(String clientId, String username, String password, Boolean cleanSession, UInt16 keepAlivePeriod) 位置 c:\Users\ppatierno\Source\Repos\m2mqtt\M2Mqtt\MqttClient.cs:行号 512
   在 BG.Mqtt.Mq.InitClient(String _host, Int32 _serverport, String _topic) 位置 D:\Git_wamnv\mqtt\Mqtt\BG.Mqtt\Mq.cs:行号 44
ERROR 2020-05-06 17:31:01,088 [5] BG.Mqtt.Mq [BG.CommunicateService.exe] - Connect mqtt server error, uPLibrary.Networking.M2Mqtt.Exceptions.MqttConnectionException: Exception connecting to the broker ---> System.Net.Sockets.SocketException: 由于目标计算机积极拒绝，无法连接。 127.0.0.1:1883
   在 System.Net.Sockets.Socket.DoConnect(EndPoint endPointSnapshot, SocketAddress socketAddress)
   在 System.Net.Sockets.Socket.Connect(EndPoint remoteEP)
   在 uPLibrary.Networking.M2Mqtt.MqttNetworkChannel.Connect() 位置 c:\Users\ppatierno\Source\Repos\m2mqtt\M2Mqtt\Net\MqttNetworkChannel.cs:行号 235
   在 uPLibrary.Networking.M2Mqtt.MqttClient.Connect(String clientId, String username, String password, Boolean willRetain, Byte willQosLevel, Boolean willFlag, String willTopic, String willMessage, Boolean cleanSession, UInt16 keepAlivePeriod) 位置 c:\Users\ppatierno\Source\Repos\m2mqtt\M2Mqtt\MqttClient.cs:行号 556
   --- 内部异常堆栈跟踪的结尾 ---
   在 uPLibrary.Networking.M2Mqtt.MqttClient.Connect(String clientId, String username, String password, Boolean willRetain, Byte willQosLevel, Boolean willFlag, String willTopic, String willMessage, Boolean cleanSession, UInt16 keepAlivePeriod) 位置 c:\Users\ppatierno\Source\Repos\m2mqtt\M2Mqtt\MqttClient.cs:行号 560
   在 uPLibrary.Networking.M2Mqtt.MqttClient.Connect(String clientId, String username, String password, Boolean cleanSession, UInt16 keepAlivePeriod) 位置 c:\Users\ppatierno\Source\Repos\m2mqtt\M2Mqtt\MqttClient.cs:行号 512
   在 BG.Mqtt.Mq.InitClient(String _host, Int32 _serverport, String _topic) 位置 D:\Git_wamnv\mqtt\Mqtt\BG.Mqtt\Mq.cs:行号 44
ERROR 2020-05-06 17:31:08,096 [5] BG.Mqtt.Mq [BG.CommunicateService.exe] - Connect mqtt server error, uPLibrary.Networking.M2Mqtt.Exceptions.MqttConnectionException: Exception connecting to the broker ---> System.Net.Sockets.SocketException: 由于目标计算机积极拒绝，无法连接。 127.0.0.1:1883
   在 System.Net.Sockets.Socket.DoConnect(EndPoint endPointSnapshot, SocketAddress socketAddress)
   在 System.Net.Sockets.Socket.Connect(EndPoint remoteEP)
   在 uPLibrary.Networking.M2Mqtt.MqttNetworkChannel.Connect() 位置 c:\Users\ppatierno\Source\Repos\m2mqtt\M2Mqtt\Net\MqttNetworkChannel.cs:行号 235
   在 uPLibrary.Networking.M2Mqtt.MqttClient.Connect(String clientId, String username, String password, Boolean willRetain, Byte willQosLevel, Boolean willFlag, String willTopic, String willMessage, Boolean cleanSession, UInt16 keepAlivePeriod) 位置 c:\Users\ppatierno\Source\Repos\m2mqtt\M2Mqtt\MqttClient.cs:行号 556
   --- 内部异常堆栈跟踪的结尾 ---
   在 uPLibrary.Networking.M2Mqtt.MqttClient.Connect(String clientId, String username, String password, Boolean willRetain, Byte willQosLevel, Boolean willFlag, String willTopic, String willMessage, Boolean cleanSession, UInt16 keepAlivePeriod) 位置 c:\Users\ppatierno\Source\Repos\m2mqtt\M2Mqtt\MqttClient.cs:行号 560
   在 uPLibrary.Networking.M2Mqtt.MqttClient.Connect(String clientId, String username, String password, Boolean cleanSession, UInt16 keepAlivePeriod) 位置 c:\Users\ppatierno\Source\Repos\m2mqtt\M2Mqtt\MqttClient.cs:行号 512
   在 BG.Mqtt.Mq.InitClient(String _host, Int32 _serverport, String _topic) 位置 D:\Git_wamnv\mqtt\Mqtt\BG.Mqtt\Mq.cs:行号 44
ERROR 2020-05-06 17:31:08,096 [4] BG.Mqtt.Mq [BG.CommunicateService.exe] - Connect mqtt server error, uPLibrary.Networking.M2Mqtt.Exceptions.MqttConnectionException: Exception connecting to the broker ---> System.Net.Sockets.SocketException: 由于目标计算机积极拒绝，无法连接。 127.0.0.1:1883
   在 System.Net.Sockets.Socket.DoConnect(EndPoint endPointSnapshot, SocketAddress socketAddress)
   在 System.Net.Sockets.Socket.Connect(EndPoint remoteEP)
   在 uPLibrary.Networking.M2Mqtt.MqttNetworkChannel.Connect() 位置 c:\Users\ppatierno\Source\Repos\m2mqtt\M2Mqtt\Net\MqttNetworkChannel.cs:行号 235
   在 uPLibrary.Networking.M2Mqtt.MqttClient.Connect(String clientId, String username, String password, Boolean willRetain, Byte willQosLevel, Boolean willFlag, String willTopic, String willMessage, Boolean cleanSession, UInt16 keepAlivePeriod) 位置 c:\Users\ppatierno\Source\Repos\m2mqtt\M2Mqtt\MqttClient.cs:行号 556
   --- 内部异常堆栈跟踪的结尾 ---
   在 uPLibrary.Networking.M2Mqtt.MqttClient.Connect(String clientId, String username, String password, Boolean willRetain, Byte willQosLevel, Boolean willFlag, String willTopic, String willMessage, Boolean cleanSession, UInt16 keepAlivePeriod) 位置 c:\Users\ppatierno\Source\Repos\m2mqtt\M2Mqtt\MqttClient.cs:行号 560
   在 uPLibrary.Networking.M2Mqtt.MqttClient.Connect(String clientId, String username, String password, Boolean cleanSession, UInt16 keepAlivePeriod) 位置 c:\Users\ppatierno\Source\Repos\m2mqtt\M2Mqtt\MqttClient.cs:行号 512
   在 BG.Mqtt.Mq.InitClient(String _host, Int32 _serverport, String _topic) 位置 D:\Git_wamnv\mqtt\Mqtt\BG.Mqtt\Mq.cs:行号 44
ERROR 2020-05-06 17:31:15,100 [5] BG.Mqtt.Mq [BG.CommunicateService.exe] - Connect mqtt server error, uPLibrary.Networking.M2Mqtt.Exceptions.MqttConnectionException: Exception connecting to the broker ---> System.Net.Sockets.SocketException: 由于目标计算机积极拒绝，无法连接。 127.0.0.1:1883
   在 System.Net.Sockets.Socket.DoConnect(EndPoint endPointSnapshot, SocketAddress socketAddress)
   在 System.Net.Sockets.Socket.Connect(EndPoint remoteEP)
   在 uPLibrary.Networking.M2Mqtt.MqttNetworkChannel.Connect() 位置 c:\Users\ppatierno\Source\Repos\m2mqtt\M2Mqtt\Net\MqttNetworkChannel.cs:行号 235
   在 uPLibrary.Networking.M2Mqtt.MqttClient.Connect(String clientId, String username, String password, Boolean willRetain, Byte willQosLevel, Boolean willFlag, String willTopic, String willMessage, Boolean cleanSession, UInt16 keepAlivePeriod) 位置 c:\Users\ppatierno\Source\Repos\m2mqtt\M2Mqtt\MqttClient.cs:行号 556
   --- 内部异常堆栈跟踪的结尾 ---
   在 uPLibrary.Networking.M2Mqtt.MqttClient.Connect(String clientId, String username, String password, Boolean willRetain, Byte willQosLevel, Boolean willFlag, String willTopic, String willMessage, Boolean cleanSession, UInt16 keepAlivePeriod) 位置 c:\Users\ppatierno\Source\Repos\m2mqtt\M2Mqtt\MqttClient.cs:行号 560
   在 uPLibrary.Networking.M2Mqtt.MqttClient.Connect(String clientId, String username, String password, Boolean cleanSession, UInt16 keepAlivePeriod) 位置 c:\Users\ppatierno\Source\Repos\m2mqtt\M2Mqtt\MqttClient.cs:行号 512
   在 BG.Mqtt.Mq.InitClient(String _host, Int32 _serverport, String _topic) 位置 D:\Git_wamnv\mqtt\Mqtt\BG.Mqtt\Mq.cs:行号 44
ERROR 2020-05-06 17:31:15,100 [4] BG.Mqtt.Mq [BG.CommunicateService.exe] - Connect mqtt server error, uPLibrary.Networking.M2Mqtt.Exceptions.MqttConnectionException: Exception connecting to the broker ---> System.Net.Sockets.SocketException: 由于目标计算机积极拒绝，无法连接。 127.0.0.1:1883
   在 System.Net.Sockets.Socket.DoConnect(EndPoint endPointSnapshot, SocketAddress socketAddress)
   在 System.Net.Sockets.Socket.Connect(EndPoint remoteEP)
   在 uPLibrary.Networking.M2Mqtt.MqttNetworkChannel.Connect() 位置 c:\Users\ppatierno\Source\Repos\m2mqtt\M2Mqtt\Net\MqttNetworkChannel.cs:行号 235
   在 uPLibrary.Networking.M2Mqtt.MqttClient.Connect(String clientId, String username, String password, Boolean willRetain, Byte willQosLevel, Boolean willFlag, String willTopic, String willMessage, Boolean cleanSession, UInt16 keepAlivePeriod) 位置 c:\Users\ppatierno\Source\Repos\m2mqtt\M2Mqtt\MqttClient.cs:行号 556
   --- 内部异常堆栈跟踪的结尾 ---
   在 uPLibrary.Networking.M2Mqtt.MqttClient.Connect(String clientId, String username, String password, Boolean willRetain, Byte willQosLevel, Boolean willFlag, String willTopic, String willMessage, Boolean cleanSession, UInt16 keepAlivePeriod) 位置 c:\Users\ppatierno\Source\Repos\m2mqtt\M2Mqtt\MqttClient.cs:行号 560
   在 uPLibrary.Networking.M2Mqtt.MqttClient.Connect(String clientId, String username, String password, Boolean cleanSession, UInt16 keepAlivePeriod) 位置 c:\Users\ppatierno\Source\Repos\m2mqtt\M2Mqtt\MqttClient.cs:行号 512
   在 BG.Mqtt.Mq.InitClient(String _host, Int32 _serverport, String _topic) 位置 D:\Git_wamnv\mqtt\Mqtt\BG.Mqtt\Mq.cs:行号 44
ERROR 2020-05-06 17:31:22,105 [5] BG.Mqtt.Mq [BG.CommunicateService.exe] - Connect mqtt server error, uPLibrary.Networking.M2Mqtt.Exceptions.MqttConnectionException: Exception connecting to the broker ---> System.Net.Sockets.SocketException: 由于目标计算机积极拒绝，无法连接。 127.0.0.1:1883
   在 System.Net.Sockets.Socket.DoConnect(EndPoint endPointSnapshot, SocketAddress socketAddress)
   在 System.Net.Sockets.Socket.Connect(EndPoint remoteEP)
   在 uPLibrary.Networking.M2Mqtt.MqttNetworkChannel.Connect() 位置 c:\Users\ppatierno\Source\Repos\m2mqtt\M2Mqtt\Net\MqttNetworkChannel.cs:行号 235
   在 uPLibrary.Networking.M2Mqtt.MqttClient.Connect(String clientId, String username, String password, Boolean willRetain, Byte willQosLevel, Boolean willFlag, String willTopic, String willMessage, Boolean cleanSession, UInt16 keepAlivePeriod) 位置 c:\Users\ppatierno\Source\Repos\m2mqtt\M2Mqtt\MqttClient.cs:行号 556
   --- 内部异常堆栈跟踪的结尾 ---
   在 uPLibrary.Networking.M2Mqtt.MqttClient.Connect(String clientId, String username, String password, Boolean willRetain, Byte willQosLevel, Boolean willFlag, String willTopic, String willMessage, Boolean cleanSession, UInt16 keepAlivePeriod) 位置 c:\Users\ppatierno\Source\Repos\m2mqtt\M2Mqtt\MqttClient.cs:行号 560
   在 uPLibrary.Networking.M2Mqtt.MqttClient.Connect(String clientId, String username, String password, Boolean cleanSession, UInt16 keepAlivePeriod) 位置 c:\Users\ppatierno\Source\Repos\m2mqtt\M2Mqtt\MqttClient.cs:行号 512
   在 BG.Mqtt.Mq.InitClient(String _host, Int32 _serverport, String _topic) 位置 D:\Git_wamnv\mqtt\Mqtt\BG.Mqtt\Mq.cs:行号 44
ERROR 2020-05-06 17:31:22,117 [4] BG.Mqtt.Mq [BG.CommunicateService.exe] - Connect mqtt server error, uPLibrary.Networking.M2Mqtt.Exceptions.MqttConnectionException: Exception connecting to the broker ---> System.Net.Sockets.SocketException: 由于目标计算机积极拒绝，无法连接。 127.0.0.1:1883
   在 System.Net.Sockets.Socket.DoConnect(EndPoint endPointSnapshot, SocketAddress socketAddress)
   在 System.Net.Sockets.Socket.Connect(EndPoint remoteEP)
   在 uPLibrary.Networking.M2Mqtt.MqttNetworkChannel.Connect() 位置 c:\Users\ppatierno\Source\Repos\m2mqtt\M2Mqtt\Net\MqttNetworkChannel.cs:行号 235
   在 uPLibrary.Networking.M2Mqtt.MqttClient.Connect(String clientId, String username, String password, Boolean willRetain, Byte willQosLevel, Boolean willFlag, String willTopic, String willMessage, Boolean cleanSession, UInt16 keepAlivePeriod) 位置 c:\Users\ppatierno\Source\Repos\m2mqtt\M2Mqtt\MqttClient.cs:行号 556
   --- 内部异常堆栈跟踪的结尾 ---
   在 uPLibrary.Networking.M2Mqtt.MqttClient.Connect(String clientId, String username, String password, Boolean willRetain, Byte willQosLevel, Boolean willFlag, String willTopic, String willMessage, Boolean cleanSession, UInt16 keepAlivePeriod) 位置 c:\Users\ppatierno\Source\Repos\m2mqtt\M2Mqtt\MqttClient.cs:行号 560
   在 uPLibrary.Networking.M2Mqtt.MqttClient.Connect(String clientId, String username, String password, Boolean cleanSession, UInt16 keepAlivePeriod) 位置 c:\Users\ppatierno\Source\Repos\m2mqtt\M2Mqtt\MqttClient.cs:行号 512
   在 BG.Mqtt.Mq.InitClient(String _host, Int32 _serverport, String _topic) 位置 D:\Git_wamnv\mqtt\Mqtt\BG.Mqtt\Mq.cs:行号 44
ERROR 2020-05-06 17:31:29,112 [5] BG.Mqtt.Mq [BG.CommunicateService.exe] - Connect mqtt server error, uPLibrary.Networking.M2Mqtt.Exceptions.MqttConnectionException: Exception connecting to the broker ---> System.Net.Sockets.SocketException: 由于目标计算机积极拒绝，无法连接。 127.0.0.1:1883
   在 System.Net.Sockets.Socket.DoConnect(EndPoint endPointSnapshot, SocketAddress socketAddress)
   在 System.Net.Sockets.Socket.Connect(EndPoint remoteEP)
   在 uPLibrary.Networking.M2Mqtt.MqttNetworkChannel.Connect() 位置 c:\Users\ppatierno\Source\Repos\m2mqtt\M2Mqtt\Net\MqttNetworkChannel.cs:行号 235
   在 uPLibrary.Networking.M2Mqtt.MqttClient.Connect(String clientId, String username, String password, Boolean willRetain, Byte willQosLevel, Boolean willFlag, String willTopic, String willMessage, Boolean cleanSession, UInt16 keepAlivePeriod) 位置 c:\Users\ppatierno\Source\Repos\m2mqtt\M2Mqtt\MqttClient.cs:行号 556
   --- 内部异常堆栈跟踪的结尾 ---
   在 uPLibrary.Networking.M2Mqtt.MqttClient.Connect(String clientId, String username, String password, Boolean willRetain, Byte willQosLevel, Boolean willFlag, String willTopic, String willMessage, Boolean cleanSession, UInt16 keepAlivePeriod) 位置 c:\Users\ppatierno\Source\Repos\m2mqtt\M2Mqtt\MqttClient.cs:行号 560
   在 uPLibrary.Networking.M2Mqtt.MqttClient.Connect(String clientId, String username, String password, Boolean cleanSession, UInt16 keepAlivePeriod) 位置 c:\Users\ppatierno\Source\Repos\m2mqtt\M2Mqtt\MqttClient.cs:行号 512
   在 BG.Mqtt.Mq.InitClient(String _host, Int32 _serverport, String _topic) 位置 D:\Git_wamnv\mqtt\Mqtt\BG.Mqtt\Mq.cs:行号 44
ERROR 2020-05-06 17:31:29,121 [4] BG.Mqtt.Mq [BG.CommunicateService.exe] - Connect mqtt server error, uPLibrary.Networking.M2Mqtt.Exceptions.MqttConnectionException: Exception connecting to the broker ---> System.Net.Sockets.SocketException: 由于目标计算机积极拒绝，无法连接。 127.0.0.1:1883
   在 System.Net.Sockets.Socket.DoConnect(EndPoint endPointSnapshot, SocketAddress socketAddress)
   在 System.Net.Sockets.Socket.Connect(EndPoint remoteEP)
   在 uPLibrary.Networking.M2Mqtt.MqttNetworkChannel.Connect() 位置 c:\Users\ppatierno\Source\Repos\m2mqtt\M2Mqtt\Net\MqttNetworkChannel.cs:行号 235
   在 uPLibrary.Networking.M2Mqtt.MqttClient.Connect(String clientId, String username, String password, Boolean willRetain, Byte willQosLevel, Boolean willFlag, String willTopic, String willMessage, Boolean cleanSession, UInt16 keepAlivePeriod) 位置 c:\Users\ppatierno\Source\Repos\m2mqtt\M2Mqtt\MqttClient.cs:行号 556
   --- 内部异常堆栈跟踪的结尾 ---
   在 uPLibrary.Networking.M2Mqtt.MqttClient.Connect(String clientId, String username, String password, Boolean willRetain, Byte willQosLevel, Boolean willFlag, String willTopic, String willMessage, Boolean cleanSession, UInt16 keepAlivePeriod) 位置 c:\Users\ppatierno\Source\Repos\m2mqtt\M2Mqtt\MqttClient.cs:行号 560
   在 uPLibrary.Networking.M2Mqtt.MqttClient.Connect(String clientId, String username, String password, Boolean cleanSession, UInt16 keepAlivePeriod) 位置 c:\Users\ppatierno\Source\Repos\m2mqtt\M2Mqtt\MqttClient.cs:行号 512
   在 BG.Mqtt.Mq.InitClient(String _host, Int32 _serverport, String _topic) 位置 D:\Git_wamnv\mqtt\Mqtt\BG.Mqtt\Mq.cs:行号 44
ERROR 2020-05-06 17:31:36,115 [5] BG.Mqtt.Mq [BG.CommunicateService.exe] - Connect mqtt server error, uPLibrary.Networking.M2Mqtt.Exceptions.MqttConnectionException: Exception connecting to the broker ---> System.Net.Sockets.SocketException: 由于目标计算机积极拒绝，无法连接。 127.0.0.1:1883
   在 System.Net.Sockets.Socket.DoConnect(EndPoint endPointSnapshot, SocketAddress socketAddress)
   在 System.Net.Sockets.Socket.Connect(EndPoint remoteEP)
   在 uPLibrary.Networking.M2Mqtt.MqttNetworkChannel.Connect() 位置 c:\Users\ppatierno\Source\Repos\m2mqtt\M2Mqtt\Net\MqttNetworkChannel.cs:行号 235
   在 uPLibrary.Networking.M2Mqtt.MqttClient.Connect(String clientId, String username, String password, Boolean willRetain, Byte willQosLevel, Boolean willFlag, String willTopic, String willMessage, Boolean cleanSession, UInt16 keepAlivePeriod) 位置 c:\Users\ppatierno\Source\Repos\m2mqtt\M2Mqtt\MqttClient.cs:行号 556
   --- 内部异常堆栈跟踪的结尾 ---
   在 uPLibrary.Networking.M2Mqtt.MqttClient.Connect(String clientId, String username, String password, Boolean willRetain, Byte willQosLevel, Boolean willFlag, String willTopic, String willMessage, Boolean cleanSession, UInt16 keepAlivePeriod) 位置 c:\Users\ppatierno\Source\Repos\m2mqtt\M2Mqtt\MqttClient.cs:行号 560
   在 uPLibrary.Networking.M2Mqtt.MqttClient.Connect(String clientId, String username, String password, Boolean cleanSession, UInt16 keepAlivePeriod) 位置 c:\Users\ppatierno\Source\Repos\m2mqtt\M2Mqtt\MqttClient.cs:行号 512
   在 BG.Mqtt.Mq.InitClient(String _host, Int32 _serverport, String _topic) 位置 D:\Git_wamnv\mqtt\Mqtt\BG.Mqtt\Mq.cs:行号 44
ERROR 2020-05-06 17:31:36,124 [4] BG.Mqtt.Mq [BG.CommunicateService.exe] - Connect mqtt server error, uPLibrary.Networking.M2Mqtt.Exceptions.MqttConnectionException: Exception connecting to the broker ---> System.Net.Sockets.SocketException: 由于目标计算机积极拒绝，无法连接。 127.0.0.1:1883
   在 System.Net.Sockets.Socket.DoConnect(EndPoint endPointSnapshot, SocketAddress socketAddress)
   在 System.Net.Sockets.Socket.Connect(EndPoint remoteEP)
   在 uPLibrary.Networking.M2Mqtt.MqttNetworkChannel.Connect() 位置 c:\Users\ppatierno\Source\Repos\m2mqtt\M2Mqtt\Net\MqttNetworkChannel.cs:行号 235
   在 uPLibrary.Networking.M2Mqtt.MqttClient.Connect(String clientId, String username, String password, Boolean willRetain, Byte willQosLevel, Boolean willFlag, String willTopic, String willMessage, Boolean cleanSession, UInt16 keepAlivePeriod) 位置 c:\Users\ppatierno\Source\Repos\m2mqtt\M2Mqtt\MqttClient.cs:行号 556
   --- 内部异常堆栈跟踪的结尾 ---
   在 uPLibrary.Networking.M2Mqtt.MqttClient.Connect(String clientId, String username, String password, Boolean willRetain, Byte willQosLevel, Boolean willFlag, String willTopic, String willMessage, Boolean cleanSession, UInt16 keepAlivePeriod) 位置 c:\Users\ppatierno\Source\Repos\m2mqtt\M2Mqtt\MqttClient.cs:行号 560
   在 uPLibrary.Networking.M2Mqtt.MqttClient.Connect(String clientId, String username, String password, Boolean cleanSession, UInt16 keepAlivePeriod) 位置 c:\Users\ppatierno\Source\Repos\m2mqtt\M2Mqtt\MqttClient.cs:行号 512
   在 BG.Mqtt.Mq.InitClient(String _host, Int32 _serverport, String _topic) 位置 D:\Git_wamnv\mqtt\Mqtt\BG.Mqtt\Mq.cs:行号 44
ERROR 2020-05-06 17:31:43,122 [5] BG.Mqtt.Mq [BG.CommunicateService.exe] - Connect mqtt server error, uPLibrary.Networking.M2Mqtt.Exceptions.MqttConnectionException: Exception connecting to the broker ---> System.Net.Sockets.SocketException: 由于目标计算机积极拒绝，无法连接。 127.0.0.1:1883
   在 System.Net.Sockets.Socket.DoConnect(EndPoint endPointSnapshot, SocketAddress socketAddress)
   在 System.Net.Sockets.Socket.Connect(EndPoint remoteEP)
   在 uPLibrary.Networking.M2Mqtt.MqttNetworkChannel.Connect() 位置 c:\Users\ppatierno\Source\Repos\m2mqtt\M2Mqtt\Net\MqttNetworkChannel.cs:行号 235
   在 uPLibrary.Networking.M2Mqtt.MqttClient.Connect(String clientId, String username, String password, Boolean willRetain, Byte willQosLevel, Boolean willFlag, String willTopic, String willMessage, Boolean cleanSession, UInt16 keepAlivePeriod) 位置 c:\Users\ppatierno\Source\Repos\m2mqtt\M2Mqtt\MqttClient.cs:行号 556
   --- 内部异常堆栈跟踪的结尾 ---
   在 uPLibrary.Networking.M2Mqtt.MqttClient.Connect(String clientId, String username, String password, Boolean willRetain, Byte willQosLevel, Boolean willFlag, String willTopic, String willMessage, Boolean cleanSession, UInt16 keepAlivePeriod) 位置 c:\Users\ppatierno\Source\Repos\m2mqtt\M2Mqtt\MqttClient.cs:行号 560
   在 uPLibrary.Networking.M2Mqtt.MqttClient.Connect(String clientId, String username, String password, Boolean cleanSession, UInt16 keepAlivePeriod) 位置 c:\Users\ppatierno\Source\Repos\m2mqtt\M2Mqtt\MqttClient.cs:行号 512
   在 BG.Mqtt.Mq.InitClient(String _host, Int32 _serverport, String _topic) 位置 D:\Git_wamnv\mqtt\Mqtt\BG.Mqtt\Mq.cs:行号 44
ERROR 2020-05-06 17:31:43,133 [4] BG.Mqtt.Mq [BG.CommunicateService.exe] - Connect mqtt server error, uPLibrary.Networking.M2Mqtt.Exceptions.MqttConnectionException: Exception connecting to the broker ---> System.Net.Sockets.SocketException: 由于目标计算机积极拒绝，无法连接。 127.0.0.1:1883
   在 System.Net.Sockets.Socket.DoConnect(EndPoint endPointSnapshot, SocketAddress socketAddress)
   在 System.Net.Sockets.Socket.Connect(EndPoint remoteEP)
   在 uPLibrary.Networking.M2Mqtt.MqttNetworkChannel.Connect() 位置 c:\Users\ppatierno\Source\Repos\m2mqtt\M2Mqtt\Net\MqttNetworkChannel.cs:行号 235
   在 uPLibrary.Networking.M2Mqtt.MqttClient.Connect(String clientId, String username, String password, Boolean willRetain, Byte willQosLevel, Boolean willFlag, String willTopic, String willMessage, Boolean cleanSession, UInt16 keepAlivePeriod) 位置 c:\Users\ppatierno\Source\Repos\m2mqtt\M2Mqtt\MqttClient.cs:行号 556
   --- 内部异常堆栈跟踪的结尾 ---
   在 uPLibrary.Networking.M2Mqtt.MqttClient.Connect(String clientId, String username, String password, Boolean willRetain, Byte willQosLevel, Boolean willFlag, String willTopic, String willMessage, Boolean cleanSession, UInt16 keepAlivePeriod) 位置 c:\Users\ppatierno\Source\Repos\m2mqtt\M2Mqtt\MqttClient.cs:行号 560
   在 uPLibrary.Networking.M2Mqtt.MqttClient.Connect(String clientId, String username, String password, Boolean cleanSession, UInt16 keepAlivePeriod) 位置 c:\Users\ppatierno\Source\Repos\m2mqtt\M2Mqtt\MqttClient.cs:行号 512
   在 BG.Mqtt.Mq.InitClient(String _host, Int32 _serverport, String _topic) 位置 D:\Git_wamnv\mqtt\Mqtt\BG.Mqtt\Mq.cs:行号 44
ERROR 2020-05-06 17:31:50,127 [5] BG.Mqtt.Mq [BG.CommunicateService.exe] - Connect mqtt server error, uPLibrary.Networking.M2Mqtt.Exceptions.MqttConnectionException: Exception connecting to the broker ---> System.Net.Sockets.SocketException: 由于目标计算机积极拒绝，无法连接。 127.0.0.1:1883
   在 System.Net.Sockets.Socket.DoConnect(EndPoint endPointSnapshot, SocketAddress socketAddress)
   在 System.Net.Sockets.Socket.Connect(EndPoint remoteEP)
   在 uPLibrary.Networking.M2Mqtt.MqttNetworkChannel.Connect() 位置 c:\Users\ppatierno\Source\Repos\m2mqtt\M2Mqtt\Net\MqttNetworkChannel.cs:行号 235
   在 uPLibrary.Networking.M2Mqtt.MqttClient.Connect(String clientId, String username, String password, Boolean willRetain, Byte willQosLevel, Boolean willFlag, String willTopic, String willMessage, Boolean cleanSession, UInt16 keepAlivePeriod) 位置 c:\Users\ppatierno\Source\Repos\m2mqtt\M2Mqtt\MqttClient.cs:行号 556
   --- 内部异常堆栈跟踪的结尾 ---
   在 uPLibrary.Networking.M2Mqtt.MqttClient.Connect(String clientId, String username, String password, Boolean willRetain, Byte willQosLevel, Boolean willFlag, String willTopic, String willMessage, Boolean cleanSession, UInt16 keepAlivePeriod) 位置 c:\Users\ppatierno\Source\Repos\m2mqtt\M2Mqtt\MqttClient.cs:行号 560
   在 uPLibrary.Networking.M2Mqtt.MqttClient.Connect(String clientId, String username, String password, Boolean cleanSession, UInt16 keepAlivePeriod) 位置 c:\Users\ppatierno\Source\Repos\m2mqtt\M2Mqtt\MqttClient.cs:行号 512
   在 BG.Mqtt.Mq.InitClient(String _host, Int32 _serverport, String _topic) 位置 D:\Git_wamnv\mqtt\Mqtt\BG.Mqtt\Mq.cs:行号 44
ERROR 2020-05-06 17:31:50,135 [4] BG.Mqtt.Mq [BG.CommunicateService.exe] - Connect mqtt server error, uPLibrary.Networking.M2Mqtt.Exceptions.MqttConnectionException: Exception connecting to the broker ---> System.Net.Sockets.SocketException: 由于目标计算机积极拒绝，无法连接。 127.0.0.1:1883
   在 System.Net.Sockets.Socket.DoConnect(EndPoint endPointSnapshot, SocketAddress socketAddress)
   在 System.Net.Sockets.Socket.Connect(EndPoint remoteEP)
   在 uPLibrary.Networking.M2Mqtt.MqttNetworkChannel.Connect() 位置 c:\Users\ppatierno\Source\Repos\m2mqtt\M2Mqtt\Net\MqttNetworkChannel.cs:行号 235
   在 uPLibrary.Networking.M2Mqtt.MqttClient.Connect(String clientId, String username, String password, Boolean willRetain, Byte willQosLevel, Boolean willFlag, String willTopic, String willMessage, Boolean cleanSession, UInt16 keepAlivePeriod) 位置 c:\Users\ppatierno\Source\Repos\m2mqtt\M2Mqtt\MqttClient.cs:行号 556
   --- 内部异常堆栈跟踪的结尾 ---
   在 uPLibrary.Networking.M2Mqtt.MqttClient.Connect(String clientId, String username, String password, Boolean willRetain, Byte willQosLevel, Boolean willFlag, String willTopic, String willMessage, Boolean cleanSession, UInt16 keepAlivePeriod) 位置 c:\Users\ppatierno\Source\Repos\m2mqtt\M2Mqtt\MqttClient.cs:行号 560
   在 uPLibrary.Networking.M2Mqtt.MqttClient.Connect(String clientId, String username, String password, Boolean cleanSession, UInt16 keepAlivePeriod) 位置 c:\Users\ppatierno\Source\Repos\m2mqtt\M2Mqtt\MqttClient.cs:行号 512
   在 BG.Mqtt.Mq.InitClient(String _host, Int32 _serverport, String _topic) 位置 D:\Git_wamnv\mqtt\Mqtt\BG.Mqtt\Mq.cs:行号 44
ERROR 2020-05-06 17:31:57,131 [5] BG.Mqtt.Mq [BG.CommunicateService.exe] - Connect mqtt server error, uPLibrary.Networking.M2Mqtt.Exceptions.MqttConnectionException: Exception connecting to the broker ---> System.Net.Sockets.SocketException: 由于目标计算机积极拒绝，无法连接。 127.0.0.1:1883
   在 System.Net.Sockets.Socket.DoConnect(EndPoint endPointSnapshot, SocketAddress socketAddress)
   在 System.Net.Sockets.Socket.Connect(EndPoint remoteEP)
   在 uPLibrary.Networking.M2Mqtt.MqttNetworkChannel.Connect() 位置 c:\Users\ppatierno\Source\Repos\m2mqtt\M2Mqtt\Net\MqttNetworkChannel.cs:行号 235
   在 uPLibrary.Networking.M2Mqtt.MqttClient.Connect(String clientId, String username, String password, Boolean willRetain, Byte willQosLevel, Boolean willFlag, String willTopic, String willMessage, Boolean cleanSession, UInt16 keepAlivePeriod) 位置 c:\Users\ppatierno\Source\Repos\m2mqtt\M2Mqtt\MqttClient.cs:行号 556
   --- 内部异常堆栈跟踪的结尾 ---
   在 uPLibrary.Networking.M2Mqtt.MqttClient.Connect(String clientId, String username, String password, Boolean willRetain, Byte willQosLevel, Boolean willFlag, String willTopic, String willMessage, Boolean cleanSession, UInt16 keepAlivePeriod) 位置 c:\Users\ppatierno\Source\Repos\m2mqtt\M2Mqtt\MqttClient.cs:行号 560
   在 uPLibrary.Networking.M2Mqtt.MqttClient.Connect(String clientId, String username, String password, Boolean cleanSession, UInt16 keepAlivePeriod) 位置 c:\Users\ppatierno\Source\Repos\m2mqtt\M2Mqtt\MqttClient.cs:行号 512
   在 BG.Mqtt.Mq.InitClient(String _host, Int32 _serverport, String _topic) 位置 D:\Git_wamnv\mqtt\Mqtt\BG.Mqtt\Mq.cs:行号 44
ERROR 2020-05-06 17:31:57,138 [4] BG.Mqtt.Mq [BG.CommunicateService.exe] - Connect mqtt server error, uPLibrary.Networking.M2Mqtt.Exceptions.MqttConnectionException: Exception connecting to the broker ---> System.Net.Sockets.SocketException: 由于目标计算机积极拒绝，无法连接。 127.0.0.1:1883
   在 System.Net.Sockets.Socket.DoConnect(EndPoint endPointSnapshot, SocketAddress socketAddress)
   在 System.Net.Sockets.Socket.Connect(EndPoint remoteEP)
   在 uPLibrary.Networking.M2Mqtt.MqttNetworkChannel.Connect() 位置 c:\Users\ppatierno\Source\Repos\m2mqtt\M2Mqtt\Net\MqttNetworkChannel.cs:行号 235
   在 uPLibrary.Networking.M2Mqtt.MqttClient.Connect(String clientId, String username, String password, Boolean willRetain, Byte willQosLevel, Boolean willFlag, String willTopic, String willMessage, Boolean cleanSession, UInt16 keepAlivePeriod) 位置 c:\Users\ppatierno\Source\Repos\m2mqtt\M2Mqtt\MqttClient.cs:行号 556
   --- 内部异常堆栈跟踪的结尾 ---
   在 uPLibrary.Networking.M2Mqtt.MqttClient.Connect(String clientId, String username, String password, Boolean willRetain, Byte willQosLevel, Boolean willFlag, String willTopic, String willMessage, Boolean cleanSession, UInt16 keepAlivePeriod) 位置 c:\Users\ppatierno\Source\Repos\m2mqtt\M2Mqtt\MqttClient.cs:行号 560
   在 uPLibrary.Networking.M2Mqtt.MqttClient.Connect(String clientId, String username, String password, Boolean cleanSession, UInt16 keepAlivePeriod) 位置 c:\Users\ppatierno\Source\Repos\m2mqtt\M2Mqtt\MqttClient.cs:行号 512
   在 BG.Mqtt.Mq.InitClient(String _host, Int32 _serverport, String _topic) 位置 D:\Git_wamnv\mqtt\Mqtt\BG.Mqtt\Mq.cs:行号 44
ERROR 2020-05-06 17:32:04,138 [5] BG.Mqtt.Mq [BG.CommunicateService.exe] - Connect mqtt server error, uPLibrary.Networking.M2Mqtt.Exceptions.MqttConnectionException: Exception connecting to the broker ---> System.Net.Sockets.SocketException: 由于目标计算机积极拒绝，无法连接。 127.0.0.1:1883
   在 System.Net.Sockets.Socket.DoConnect(EndPoint endPointSnapshot, SocketAddress socketAddress)
   在 System.Net.Sockets.Socket.Connect(EndPoint remoteEP)
   在 uPLibrary.Networking.M2Mqtt.MqttNetworkChannel.Connect() 位置 c:\Users\ppatierno\Source\Repos\m2mqtt\M2Mqtt\Net\MqttNetworkChannel.cs:行号 235
   在 uPLibrary.Networking.M2Mqtt.MqttClient.Connect(String clientId, String username, String password, Boolean willRetain, Byte willQosLevel, Boolean willFlag, String willTopic, String willMessage, Boolean cleanSession, UInt16 keepAlivePeriod) 位置 c:\Users\ppatierno\Source\Repos\m2mqtt\M2Mqtt\MqttClient.cs:行号 556
   --- 内部异常堆栈跟踪的结尾 ---
   在 uPLibrary.Networking.M2Mqtt.MqttClient.Connect(String clientId, String username, String password, Boolean willRetain, Byte willQosLevel, Boolean willFlag, String willTopic, String willMessage, Boolean cleanSession, UInt16 keepAlivePeriod) 位置 c:\Users\ppatierno\Source\Repos\m2mqtt\M2Mqtt\MqttClient.cs:行号 560
   在 uPLibrary.Networking.M2Mqtt.MqttClient.Connect(String clientId, String username, String password, Boolean cleanSession, UInt16 keepAlivePeriod) 位置 c:\Users\ppatierno\Source\Repos\m2mqtt\M2Mqtt\MqttClient.cs:行号 512
   在 BG.Mqtt.Mq.InitClient(String _host, Int32 _serverport, String _topic) 位置 D:\Git_wamnv\mqtt\Mqtt\BG.Mqtt\Mq.cs:行号 44
ERROR 2020-05-06 17:32:04,141 [4] BG.Mqtt.Mq [BG.CommunicateService.exe] - Connect mqtt server error, uPLibrary.Networking.M2Mqtt.Exceptions.MqttConnectionException: Exception connecting to the broker ---> System.Net.Sockets.SocketException: 由于目标计算机积极拒绝，无法连接。 127.0.0.1:1883
   在 System.Net.Sockets.Socket.DoConnect(EndPoint endPointSnapshot, SocketAddress socketAddress)
   在 System.Net.Sockets.Socket.Connect(EndPoint remoteEP)
   在 uPLibrary.Networking.M2Mqtt.MqttNetworkChannel.Connect() 位置 c:\Users\ppatierno\Source\Repos\m2mqtt\M2Mqtt\Net\MqttNetworkChannel.cs:行号 235
   在 uPLibrary.Networking.M2Mqtt.MqttClient.Connect(String clientId, String username, String password, Boolean willRetain, Byte willQosLevel, Boolean willFlag, String willTopic, String willMessage, Boolean cleanSession, UInt16 keepAlivePeriod) 位置 c:\Users\ppatierno\Source\Repos\m2mqtt\M2Mqtt\MqttClient.cs:行号 556
   --- 内部异常堆栈跟踪的结尾 ---
   在 uPLibrary.Networking.M2Mqtt.MqttClient.Connect(String clientId, String username, String password, Boolean willRetain, Byte willQosLevel, Boolean willFlag, String willTopic, String willMessage, Boolean cleanSession, UInt16 keepAlivePeriod) 位置 c:\Users\ppatierno\Source\Repos\m2mqtt\M2Mqtt\MqttClient.cs:行号 560
   在 uPLibrary.Networking.M2Mqtt.MqttClient.Connect(String clientId, String username, String password, Boolean cleanSession, UInt16 keepAlivePeriod) 位置 c:\Users\ppatierno\Source\Repos\m2mqtt\M2Mqtt\MqttClient.cs:行号 512
   在 BG.Mqtt.Mq.InitClient(String _host, Int32 _serverport, String _topic) 位置 D:\Git_wamnv\mqtt\Mqtt\BG.Mqtt\Mq.cs:行号 44
ERROR 2020-05-06 17:32:11,145 [4] BG.Mqtt.Mq [BG.CommunicateService.exe] - Connect mqtt server error, uPLibrary.Networking.M2Mqtt.Exceptions.MqttConnectionException: Exception connecting to the broker ---> System.Net.Sockets.SocketException: 由于目标计算机积极拒绝，无法连接。 127.0.0.1:1883
   在 System.Net.Sockets.Socket.DoConnect(EndPoint endPointSnapshot, SocketAddress socketAddress)
   在 System.Net.Sockets.Socket.Connect(EndPoint remoteEP)
   在 uPLibrary.Networking.M2Mqtt.MqttNetworkChannel.Connect() 位置 c:\Users\ppatierno\Source\Repos\m2mqtt\M2Mqtt\Net\MqttNetworkChannel.cs:行号 235
   在 uPLibrary.Networking.M2Mqtt.MqttClient.Connect(String clientId, String username, String password, Boolean willRetain, Byte willQosLevel, Boolean willFlag, String willTopic, String willMessage, Boolean cleanSession, UInt16 keepAlivePeriod) 位置 c:\Users\ppatierno\Source\Repos\m2mqtt\M2Mqtt\MqttClient.cs:行号 556
   --- 内部异常堆栈跟踪的结尾 ---
   在 uPLibrary.Networking.M2Mqtt.MqttClient.Connect(String clientId, String username, String password, Boolean willRetain, Byte willQosLevel, Boolean willFlag, String willTopic, String willMessage, Boolean cleanSession, UInt16 keepAlivePeriod) 位置 c:\Users\ppatierno\Source\Repos\m2mqtt\M2Mqtt\MqttClient.cs:行号 560
   在 uPLibrary.Networking.M2Mqtt.MqttClient.Connect(String clientId, String username, String password, Boolean cleanSession, UInt16 keepAlivePeriod) 位置 c:\Users\ppatierno\Source\Repos\m2mqtt\M2Mqtt\MqttClient.cs:行号 512
   在 BG.Mqtt.Mq.InitClient(String _host, Int32 _serverport, String _topic) 位置 D:\Git_wamnv\mqtt\Mqtt\BG.Mqtt\Mq.cs:行号 44
ERROR 2020-05-06 17:32:11,145 [5] BG.Mqtt.Mq [BG.CommunicateService.exe] - Connect mqtt server error, uPLibrary.Networking.M2Mqtt.Exceptions.MqttConnectionException: Exception connecting to the broker ---> System.Net.Sockets.SocketException: 由于目标计算机积极拒绝，无法连接。 127.0.0.1:1883
   在 System.Net.Sockets.Socket.DoConnect(EndPoint endPointSnapshot, SocketAddress socketAddress)
   在 System.Net.Sockets.Socket.Connect(EndPoint remoteEP)
   在 uPLibrary.Networking.M2Mqtt.MqttNetworkChannel.Connect() 位置 c:\Users\ppatierno\Source\Repos\m2mqtt\M2Mqtt\Net\MqttNetworkChannel.cs:行号 235
   在 uPLibrary.Networking.M2Mqtt.MqttClient.Connect(String clientId, String username, String password, Boolean willRetain, Byte willQosLevel, Boolean willFlag, String willTopic, String willMessage, Boolean cleanSession, UInt16 keepAlivePeriod) 位置 c:\Users\ppatierno\Source\Repos\m2mqtt\M2Mqtt\MqttClient.cs:行号 556
   --- 内部异常堆栈跟踪的结尾 ---
   在 uPLibrary.Networking.M2Mqtt.MqttClient.Connect(String clientId, String username, String password, Boolean willRetain, Byte willQosLevel, Boolean willFlag, String willTopic, String willMessage, Boolean cleanSession, UInt16 keepAlivePeriod) 位置 c:\Users\ppatierno\Source\Repos\m2mqtt\M2Mqtt\MqttClient.cs:行号 560
   在 uPLibrary.Networking.M2Mqtt.MqttClient.Connect(String clientId, String username, String password, Boolean cleanSession, UInt16 keepAlivePeriod) 位置 c:\Users\ppatierno\Source\Repos\m2mqtt\M2Mqtt\MqttClient.cs:行号 512
   在 BG.Mqtt.Mq.InitClient(String _host, Int32 _serverport, String _topic) 位置 D:\Git_wamnv\mqtt\Mqtt\BG.Mqtt\Mq.cs:行号 44
